<?xml version="1.0" encoding="UTF-8"?>
<!-- Generated by org.testng.reporters.JUnitReportReporter -->
<testsuite skipped="0" hostname="LAPTOP-769CRJCU" name="com.salesforce.qa.testcases.LoginPageTest" tests="3" failures="0" timestamp="13 Feb 2020 18:38:31 GMT" time="1.459" errors="0">
  <testcase name="loginTest" time="1.398" classname="com.salesforce.qa.testcases.LoginPageTest"/>
  <testcase name="loginPageUrlTest" time="0.033" classname="com.salesforce.qa.testcases.LoginPageTest"/>
  <testcase name="loginPageTitileTest" time="0.028" classname="com.salesforce.qa.testcases.LoginPageTest"/>
</testsuite> <!-- com.salesforce.qa.testcases.LoginPageTest -->
