<?xml version="1.0" encoding="UTF-8"?>
<!-- Generated by org.testng.reporters.JUnitReportReporter -->
<testsuite skipped="0" hostname="LAPTOP-769CRJCU" name="com.salesforce.qa.testcases.Createusertest" tests="1" failures="0" timestamp="13 Feb 2020 18:38:31 GMT" time="2.191" errors="0">
  <testcase name="createusertest" time="2.191" classname="com.salesforce.qa.testcases.Createusertest"/>
</testsuite> <!-- com.salesforce.qa.testcases.Createusertest -->
