<?xml version="1.0" encoding="UTF-8"?>
<!-- Generated by org.testng.reporters.JUnitReportReporter -->
<testsuite skipped="0" hostname="LAPTOP-769CRJCU" name="com.salesforce.qa.testcases.LoginPageTest" tests="3" failures="0" timestamp="10 Feb 2020 20:07:06 GMT" time="1.512" errors="0">
  <testcase name="loginTest" time="1.434" classname="com.salesforce.qa.testcases.LoginPageTest"/>
  <testcase name="loginPageUrlTest" time="0.043" classname="com.salesforce.qa.testcases.LoginPageTest"/>
  <testcase name="loginPageTitileTest" time="0.035" classname="com.salesforce.qa.testcases.LoginPageTest"/>
</testsuite> <!-- com.salesforce.qa.testcases.LoginPageTest -->
