<?xml version="1.0" encoding="UTF-8"?>
<!-- Generated by org.testng.reporters.JUnitReportReporter -->
<testsuite skipped="0" hostname="LAPTOP-769CRJCU" name="com.salesforce.qa.testcases.ActionclassTest" tests="1" failures="0" timestamp="23 Feb 2020 22:20:30 GMT" time="10.388" errors="0">
  <testcase name="verifyMouseactions" time="10.388" classname="com.salesforce.qa.testcases.ActionclassTest"/>
</testsuite> <!-- com.salesforce.qa.testcases.ActionclassTest -->
