<?xml version="1.0" encoding="UTF-8"?>
<!-- Generated by org.testng.reporters.JUnitReportReporter -->
<testsuite skipped="0" hostname="LAPTOP-769CRJCU" name="com.salesforce.qa.testcases.Testng1featureTest" tests="11" failures="0" timestamp="13 Feb 2020 18:38:31 GMT" time="0.095" errors="0">
  <testcase name="sum" time="0.001" classname="com.salesforce.qa.testcases.Testng1featureTest"/>
  <testcase name="sum" time="0.003" classname="com.salesforce.qa.testcases.Testng1featureTest"/>
  <testcase name="sum" time="0.009" classname="com.salesforce.qa.testcases.Testng1featureTest"/>
  <testcase name="sum" time="0.016" classname="com.salesforce.qa.testcases.Testng1featureTest"/>
  <testcase name="sum" time="0.003" classname="com.salesforce.qa.testcases.Testng1featureTest"/>
  <testcase name="sum" time="0.007" classname="com.salesforce.qa.testcases.Testng1featureTest"/>
  <testcase name="sum" time="0.017" classname="com.salesforce.qa.testcases.Testng1featureTest"/>
  <testcase name="sum" time="0.004" classname="com.salesforce.qa.testcases.Testng1featureTest"/>
  <testcase name="sum" time="0.003" classname="com.salesforce.qa.testcases.Testng1featureTest"/>
  <testcase name="sum" time="0.011" classname="com.salesforce.qa.testcases.Testng1featureTest"/>
  <testcase name="sub" time="0.021" classname="com.salesforce.qa.testcases.Testng1featureTest"/>
</testsuite> <!-- com.salesforce.qa.testcases.Testng1featureTest -->
