<?xml version="1.0" encoding="UTF-8"?>
<!-- Generated by org.testng.reporters.JUnitReportReporter -->
<testsuite skipped="0" hostname="LAPTOP-769CRJCU" name="com.salesforce.qa.testcases.LoginPageTest" tests="3" failures="0" timestamp="10 Feb 2020 21:54:17 GMT" time="1.000" errors="0">
  <testcase name="loginTest" time="0.978" classname="com.salesforce.qa.testcases.LoginPageTest"/>
  <testcase name="loginPageUrlTest" time="0.011" classname="com.salesforce.qa.testcases.LoginPageTest"/>
  <testcase name="loginPageTitileTest" time="0.011" classname="com.salesforce.qa.testcases.LoginPageTest"/>
</testsuite> <!-- com.salesforce.qa.testcases.LoginPageTest -->
